<?xml version="1.0" encoding="UTF-8"?>
<!-- Generated by org.testng.reporters.JUnitReportReporter -->
<testsuite hostname="LTIN272714" failures="0" tests="3" name="testCases.TC_0001" time="81.985" errors="0" timestamp="2024-02-23T14:18:29 IST" skipped="0">
  <testcase classname="testCases.TC_0001" name="navigatingToWebDevelopment" time="35.003"/>
  <system-out/>
  <testcase classname="testCases.TC_0001" name="navigatingToLanguageLearning" time="12.189"/>
  <system-out/>
  <testcase classname="testCases.TC_0001" name="navigatingToForEnterprise" time="34.793"/>
  <system-out/>
</testsuite> <!-- testCases.TC_0001 -->
