<?xml version="1.0" encoding="UTF-8"?>
<!-- Generated by org.testng.reporters.JUnitReportReporter -->
<testsuite hostname="LTIN272714" failures="0" tests="6" name="testCases.TC_003_CourseForCampus" time="66.072" errors="0" timestamp="2024-02-29T18:14:20 IST" skipped="0">
  <testcase classname="testCases.TC_003_CourseForCampus" name="navigatingToForEnterprise" time="20.091"/>
  <system-out/>
  <testcase classname="testCases.TC_003_CourseForCampus" name="navigatingToForEnterprise" time="15.623"/>
  <system-out/>
  <testcase classname="testCases.TC_003_CourseForCampus" name="navigateToForCampus" time="9.114"/>
  <system-out/>
  <testcase classname="testCases.TC_003_CourseForCampus" name="navigateToForCampus" time="7.836"/>
  <system-out/>
  <testcase classname="testCases.TC_003_CourseForCampus" name="submitForm" time="7.454"/>
  <system-out/>
  <testcase classname="testCases.TC_003_CourseForCampus" name="submitForm" time="5.954"/>
  <system-out/>
</testsuite> <!-- testCases.TC_003_CourseForCampus -->
