<?xml version="1.0" encoding="UTF-8"?>
<!-- Generated by org.testng.reporters.JUnitReportReporter -->
<testsuite hostname="LTIN272714" failures="0" tests="10" name="testCases.TC_001_WebDevelopment" time="70.852" errors="0" timestamp="2024-02-29T18:14:20 IST" skipped="0">
  <testcase classname="testCases.TC_001_WebDevelopment" name="navigatingToWebDevelopment" time="16.692"/>
  <system-out/>
  <testcase classname="testCases.TC_001_WebDevelopment" name="navigatingToWebDevelopment" time="6.911"/>
  <system-out/>
  <testcase classname="testCases.TC_001_WebDevelopment" name="filterLanguage" time="1.514"/>
  <system-out/>
  <testcase classname="testCases.TC_001_WebDevelopment" name="filterLanguage" time="2.567"/>
  <system-out/>
  <testcase classname="testCases.TC_001_WebDevelopment" name="filterLevel" time="0.816"/>
  <system-out/>
  <testcase classname="testCases.TC_001_WebDevelopment" name="filterLevel" time="0.713"/>
  <system-out/>
  <testcase classname="testCases.TC_001_WebDevelopment" name="courseOneDetails" time="9.877"/>
  <system-out/>
  <testcase classname="testCases.TC_001_WebDevelopment" name="courseOneDetails" time="13.373"/>
  <system-out/>
  <testcase classname="testCases.TC_001_WebDevelopment" name="courseTwoDetails" time="8.201"/>
  <system-out/>
  <testcase classname="testCases.TC_001_WebDevelopment" name="courseTwoDetails" time="10.188"/>
  <system-out/>
</testsuite> <!-- testCases.TC_001_WebDevelopment -->
