<?xml version="1.0" encoding="UTF-8"?>
<!-- Generated by org.testng.reporters.JUnitReportReporter -->
<testsuite hostname="LTIN272714" failures="0" tests="6" name="testCases.TC_002_LanguageLearning" time="25.890" errors="0" timestamp="2024-02-29T18:14:20 IST" skipped="0">
  <testcase classname="testCases.TC_002_LanguageLearning" name="navigatingToLanguageLearning" time="5.865"/>
  <system-out/>
  <testcase classname="testCases.TC_002_LanguageLearning" name="navigatingToLanguageLearning" time="5.684"/>
  <system-out/>
  <testcase classname="testCases.TC_002_LanguageLearning" name="prntTotalLang" time="6.600"/>
  <system-out/>
  <testcase classname="testCases.TC_002_LanguageLearning" name="prntTotalLang" time="6.271"/>
  <system-out/>
  <testcase classname="testCases.TC_002_LanguageLearning" name="prntTotalLevels" time="0.483"/>
  <system-out/>
  <testcase classname="testCases.TC_002_LanguageLearning" name="prntTotalLevels" time="0.987"/>
  <system-out/>
</testsuite> <!-- testCases.TC_002_LanguageLearning -->
